<?xml version="1.0" encoding="UTF-8"?>
<!-- Generated by org.testng.reporters.JUnitReportReporter -->
<testsuite hostname="DESKTOP-V7FUJCA" failures="0" tests="3" name="crm.testcases.HomePageTest" time="50.351" errors="0" timestamp="2022-11-07T21:09:56 EET" skipped="0">
  <testcase classname="crm.testcases.HomePageTest" name="verifyHomePageTitleTest" time="22.132"/>
  <system-out/>
  <testcase classname="crm.testcases.HomePageTest" name="verifyUserNameTest" time="12.762"/>
  <system-out/>
  <testcase classname="crm.testcases.HomePageTest" name="verifyContactsLinkTest" time="15.457"/>
  <system-out/>
</testsuite> <!-- crm.testcases.HomePageTest -->
