<?xml version="1.0" encoding="UTF-8"?>
<!-- Generated by org.testng.reporters.JUnitReportReporter -->
<testsuite hostname="DESKTOP-V7FUJCA" failures="0" tests="3" name="crm.testcases.LoginPageTest" time="27.502" errors="0" timestamp="2022-11-07T21:09:56 EET" skipped="0">
  <testcase classname="crm.testcases.LoginPageTest" name="loginPageTitleTest" time="7.506"/>
  <system-out/>
  <testcase classname="crm.testcases.LoginPageTest" name="crmLogoImage" time="6.371"/>
  <system-out/>
  <testcase classname="crm.testcases.LoginPageTest" name="loginTest" time="13.625"/>
  <system-out/>
</testsuite> <!-- crm.testcases.LoginPageTest -->
